<?xml version="1.0" encoding="UTF-8"?>
<!-- Generated by org.testng.reporters.JUnitReportReporter -->
<testsuite skipped="0" hostname="INBL01LAP30357" name="Scatology.TC_Glucometry_086" tests="1" failures="0" timestamp="2022-10-13T11:34:22 IST" time="31.195" errors="0">
  <testcase name="GlucometryTest" time="31.195" classname="Scatology.TC_Glucometry_086"/>
  <system-out/>
</testsuite> <!-- Scatology.TC_Glucometry_086 -->
