<?xml version="1.0" encoding="UTF-8"?>
<!-- Generated by org.testng.reporters.JUnitReportReporter -->
<testsuite skipped="0" hostname="INBL01LAP30357" name="Scatology.TC_005Test" tests="1" failures="0" timestamp="2023-01-19T15:57:01 IST" time="37.879" errors="0">
  <testcase name="DeleteUser" time="37.879" classname="Scatology.TC_005Test"/>
  <system-out/>
</testsuite> <!-- Scatology.TC_005Test -->
