<?xml version="1.0" encoding="UTF-8"?>
<!-- Generated by org.testng.reporters.JUnitReportReporter -->
<testsuite skipped="0" hostname="INBL01LAP30357" name="Scatology.TC_002Test" tests="1" failures="0" timestamp="2022-12-23T10:10:06 IST" time="32.046" errors="0">
  <testcase name="SampleTest" time="32.046" classname="Scatology.TC_002Test"/>
  <system-out>
Report Details Successfully Displyed  </system-out>
</testsuite> <!-- Scatology.TC_002Test -->
