<?xml version="1.0" encoding="UTF-8"?>
<!-- Generated by org.testng.reporters.JUnitReportReporter -->
<testsuite skipped="0" hostname="INBL01LAP30357" name="Scatology.TC_DownloadPdf_113Test" tests="1" failures="0" timestamp="2022-10-12T22:18:06 IST" time="35.764" errors="0">
  <testcase name="pdf" time="35.764" classname="Scatology.TC_DownloadPdf_113Test"/>
  <system-out/>
</testsuite> <!-- Scatology.TC_DownloadPdf_113Test -->
