<?xml version="1.0" encoding="UTF-8"?>
<!-- Generated by org.testng.reporters.JUnitReportReporter -->
<testsuite skipped="0" hostname="INBL01LAP30357" name="Scatology.TC_030Test" tests="1" failures="0" timestamp="2022-10-12T09:35:48 IST" time="62.689" errors="0">
  <testcase name="SampleTest" time="62.689" classname="Scatology.TC_030Test"/>
  <system-out/>
</testsuite> <!-- Scatology.TC_030Test -->
