<?xml version="1.0" encoding="UTF-8"?>
<!-- Generated by org.testng.reporters.JUnitReportReporter -->
<testsuite skipped="0" hostname="INBL01LAP30357" name="Scatology.TC_113Test" tests="1" failures="0" timestamp="2022-10-12T09:55:45 IST" time="37.630" errors="0">
  <testcase name="pdf" time="37.630" classname="Scatology.TC_113Test"/>
  <system-out/>
</testsuite> <!-- Scatology.TC_113Test -->
