<?xml version="1.0" encoding="UTF-8"?>
<!-- Generated by org.testng.reporters.JUnitReportReporter -->
<testsuite skipped="0" hostname="INBL01LAP30357" name="Module_Name.TC_001Test" tests="1" failures="0" timestamp="2022-09-28T10:43:52 IST" time="38.195" errors="0">
  <testcase name="SampleTest" time="38.195" classname="Module_Name.TC_001Test"/>
  <system-out/>
</testsuite> <!-- Module_Name.TC_001Test -->
