<?xml version="1.0" encoding="UTF-8"?>
<!-- Generated by org.testng.reporters.JUnitReportReporter -->
<testsuite skipped="0" hostname="INBL01LAP30357" name="Scatology.TC_003Test" tests="1" failures="0" timestamp="2022-12-23T10:20:12 IST" time="44.769" errors="0">
  <testcase name="pdf" time="44.769" classname="Scatology.TC_003Test"/>
  <system-out/>
</testsuite> <!-- Scatology.TC_003Test -->
