<?xml version="1.0" encoding="UTF-8"?>
<!-- Generated by org.testng.reporters.JUnitReportReporter -->
<testsuite skipped="0" hostname="INBL01LAP30357" name="Pom_Repository.Module_Name" tests="1" failures="0" timestamp="2022-09-27T16:19:04 IST" time="0.007" errors="0">
  <testcase name="Demo" time="0.007" classname="Pom_Repository.Module_Name"/>
  <system-out/>
</testsuite> <!-- Pom_Repository.Module_Name -->
