<?xml version="1.0" encoding="UTF-8"?>
<!-- Generated by org.testng.reporters.JUnitReportReporter -->
<testsuite skipped="0" hostname="INBL01LAP30357" name="Scatology.TC_008Test" tests="1" failures="0" timestamp="2022-12-28T15:57:19 IST" time="38.639" errors="0">
  <testcase name="GlucometryTest" time="38.639" classname="Scatology.TC_008Test"/>
  <system-out/>
</testsuite> <!-- Scatology.TC_008Test -->
