<?xml version="1.0" encoding="UTF-8"?>
<!-- Generated by org.testng.reporters.JUnitReportReporter -->
<testsuite skipped="0" hostname="INBL01LAP30357" name="Scatology.TC_049Test" tests="1" failures="0" timestamp="2022-10-12T13:23:21 IST" time="35.592" errors="0">
  <testcase name="Haemotology" time="35.592" classname="Scatology.TC_049Test"/>
  <system-out/>
</testsuite> <!-- Scatology.TC_049Test -->
