<?xml version="1.0" encoding="UTF-8"?>
<!-- Generated by org.testng.reporters.JUnitReportReporter -->
<testsuite skipped="0" hostname="INBL01LAP30357" name="Scatology.TC_016Test" tests="1" failures="0" timestamp="2022-10-12T12:06:04 IST" time="38.043" errors="0">
  <testcase name="Register" time="38.043" classname="Scatology.TC_016Test"/>
  <system-out/>
</testsuite> <!-- Scatology.TC_016Test -->
