<?xml version="1.0" encoding="UTF-8"?>
<!-- Generated by org.testng.reporters.JUnitReportReporter -->
<testsuite skipped="0" hostname="INBL01LAP30357" name="Scatology.TC_Register_016Test" tests="1" failures="0" timestamp="2022-10-12T22:07:11 IST" time="37.852" errors="0">
  <testcase name="Register" time="37.852" classname="Scatology.TC_Register_016Test"/>
  <system-out/>
</testsuite> <!-- Scatology.TC_Register_016Test -->
