<?xml version="1.0" encoding="UTF-8"?>
<!-- Generated by org.testng.reporters.JUnitReportReporter -->
<testsuite skipped="0" hostname="INBL01LAP30357" name="Scatology.TC_036Test" tests="1" failures="0" timestamp="2022-10-10T21:39:12 IST" time="42.660" errors="0">
  <testcase name="EditUser" time="42.660" classname="Scatology.TC_036Test"/>
  <system-out/>
</testsuite> <!-- Scatology.TC_036Test -->
