<?xml version="1.0" encoding="UTF-8"?>
<!-- Generated by org.testng.reporters.JUnitReportReporter -->
<testsuite skipped="0" hostname="INBL01LAP30357" name="Scatology.TC_007Test" tests="1" failures="0" timestamp="2022-12-28T15:43:21 IST" time="43.487" errors="0">
  <testcase name="Haemotology" time="43.487" classname="Scatology.TC_007Test"/>
  <system-out/>
</testsuite> <!-- Scatology.TC_007Test -->
