<?xml version="1.0" encoding="UTF-8"?>
<!-- Generated by org.testng.reporters.JUnitReportReporter -->
<testsuite skipped="0" hostname="INBL01LAP30357" name="Scatology.TC_HaemotologyReport_049Test" tests="1" failures="0" timestamp="2022-10-13T11:00:30 IST" time="47.364" errors="0">
  <testcase name="Haemotology" time="47.364" classname="Scatology.TC_HaemotologyReport_049Test"/>
  <system-out/>
</testsuite> <!-- Scatology.TC_HaemotologyReport_049Test -->
