<?xml version="1.0" encoding="UTF-8"?>
<!-- Generated by org.testng.reporters.JUnitReportReporter -->
<testsuite skipped="0" hostname="INBL01LAP30357" name="Scatology.TC_001Test" tests="1" failures="0" timestamp="2023-01-19T15:55:28 IST" time="35.583" errors="0">
  <testcase name="Register" time="35.583" classname="Scatology.TC_001Test"/>
  <system-out/>
</testsuite> <!-- Scatology.TC_001Test -->
