<?xml version="1.0" encoding="UTF-8"?>
<!-- Generated by org.testng.reporters.JUnitReportReporter -->
<testsuite skipped="0" hostname="INBL01LAP30357" name="Scatology.TC_009Test" tests="1" failures="0" timestamp="2022-12-28T16:04:51 IST" time="43.154" errors="0">
  <testcase name="ThyroidProfile" time="43.154" classname="Scatology.TC_009Test"/>
  <system-out/>
</testsuite> <!-- Scatology.TC_009Test -->
