<?xml version="1.0" encoding="UTF-8"?>
<!-- Generated by org.testng.reporters.JUnitReportReporter -->
<testsuite skipped="0" hostname="INBL01LAP30357" name="Scatology.TC_006Test" tests="1" failures="0" timestamp="2022-12-23T10:36:53 IST" time="43.517" errors="0">
  <testcase name="filterData" time="43.517" classname="Scatology.TC_006Test"/>
  <system-out/>
</testsuite> <!-- Scatology.TC_006Test -->
