<?xml version="1.0" encoding="UTF-8"?>
<!-- Generated by org.testng.reporters.JUnitReportReporter -->
<testsuite skipped="0" hostname="INBL01LAP30357" name="Scatology.TC_Search_here_111Test" tests="1" failures="0" timestamp="2022-10-12T22:19:04 IST" time="42.572" errors="0">
  <testcase name="filterData" time="42.572" classname="Scatology.TC_Search_here_111Test"/>
  <system-out/>
</testsuite> <!-- Scatology.TC_Search_here_111Test -->
